<?xml version="1.0" encoding="UTF-8"?>
<testsuite xmlns:xsi="http://www.w3.org/2001/XMLSchema-instance" xsi:noNamespaceSchemaLocation="https://maven.apache.org/surefire/maven-surefire-plugin/xsd/surefire-test-report.xsd" version="3.0.2" name="com.dr_commerce.e_commerce.vi.ApplicationTests" time="5.435" tests="1" errors="0" skipped="0" failures="0" flakes="0">
  <properties>
[...]
</properties>
  <testcase name="contextLoads" classname="com.dr_commerce.e_commerce.vi.ApplicationTests" time="0.344">
    <system-out><![CDATA[21:29:19.351 [main] INFO org.springframework.test.context.support.AnnotationConfigContextLoaderUtils -- Could not detect default configuration classes for test class [com.dr_commerce.e_commerce.vi.ApplicationTests]: ApplicationTests does not declare any static, non-private, non-final, nested classes annotated with @Configuration.
21:29:19.445 [main] INFO org.springframework.boot.test.context.SpringBootTestContextBootstrapper -- Found @SpringBootConfiguration com.dr_commerce.e_commerce.vi.Application for test class com.dr_commerce.e_commerce.vi.ApplicationTests
21:29:19.528 [main] INFO org.springframework.test.context.support.AnnotationConfigContextLoaderUtils -- Could not detect default configuration classes for test class [com.dr_commerce.e_commerce.vi.ApplicationTests]: ApplicationTests does not declare any static, non-private, non-final, nested classes annotated with @Configuration.
21:29:19.530 [main] INFO org.springframework.boot.test.context.SpringBootTestContextBootstrapper -- Found @SpringBootConfiguration com.dr_commerce.e_commerce.vi.Application for test class com.dr_commerce.e_commerce.vi.ApplicationTests

  .   ____          _            __ _ _
 /\\ / ___'_ __ _ _(_)_ __  __ _ \ \ \ \
( ( )\___ | '_ | '_| | '_ \/ _` | \ \ \ \
 \\/  ___)| |_)| | | | | || (_| |  ) ) ) )
  '  |____| .__|_| |_|_| |_\__, | / / / /
 =========|_|==============|___/=/_/_/_/

 :: Spring Boot ::                (v4.1.0)

2026-09-04T21:29:19.813-03:00  INFO 35190 --- [           main] c.d.e_commerce.vi.ApplicationTests       : Starting ApplicationTests using Java 17.0.20 with PID 35190 (started by alekunz in /home/alekunz/Universidad/Turnero final/turnero-med)
2026-09-04T21:29:19.815-03:00  INFO 35190 --- [           main] c.d.e_commerce.vi.ApplicationTests       : No active profile set, falling back to 1 default profile: "default"
2026-09-04T21:29:20.522-03:00  INFO 35190 --- [           main] .s.d.r.c.RepositoryConfigurationDelegate : Bootstrapping Spring Data JPA repositories in DEFAULT mode.
2026-09-04T21:29:20.579-03:00  INFO 35190 --- [           main] .s.d.r.c.RepositoryConfigurationDelegate : Finished Spring Data repository scanning in 48 ms. Found 4 JPA repository interfaces.
2026-09-04T21:29:21.083-03:00  INFO 35190 --- [           main] org.hibernate.orm.jpa                    : HHH008540: Processing PersistenceUnitInfo [name: default]
2026-09-04T21:29:21.120-03:00  INFO 35190 --- [           main] org.hibernate.orm.core                   : HHH000001: Hibernate ORM core version 7.4.1.Final
2026-09-04T21:29:21.433-03:00  INFO 35190 --- [           main] o.s.o.j.p.SpringPersistenceUnitInfo      : No LoadTimeWeaver setup: ignoring JPA class transformer
2026-09-04T21:29:21.458-03:00  INFO 35190 --- [           main] com.zaxxer.hikari.HikariDataSource       : HikariPool-1 - Starting...
2026-09-04T21:29:21.608-03:00  INFO 35190 --- [           main] com.zaxxer.hikari.pool.HikariPool        : HikariPool-1 - Added connection com.mysql.cj.jdbc.ConnectionImpl@8e3449e
2026-09-04T21:29:21.609-03:00  INFO 35190 --- [           main] com.zaxxer.hikari.HikariDataSource       : HikariPool-1 - Start completed.
2026-09-04T21:29:21.691-03:00  INFO 35190 --- [           main] org.hibernate.orm.connections.pooling    : HHH10001005: Database info:
	Database JDBC URL [jdbc:mysql://localhost:3306/ecommerce_db3?createDatabaseIfNotExist=true&useSSL=false&serverTimezone=UTC]
	Database driver: MySQL Connector/J
	Database dialect: MySQLDialect
	Database version: 8.0.46
	Default catalog/schema: ecommerce_db3/undefined
	Autocommit mode: undefined/unknown
	Isolation level: REPEATABLE_READ [default REPEATABLE_READ]
	JDBC fetch size: none
	Pool: DataSourceConnectionProvider
	Minimum pool size: undefined/unknown
	Maximum pool size: undefined/unknown
2026-09-04T21:29:22.436-03:00  INFO 35190 --- [           main] org.hibernate.orm.core                   : HHH000489: No JTA platform available (set 'hibernate.transaction.jta.platform' to enable JTA platform integration)
Hibernate: 
    create table medicos (
        id bigint not null auto_increment,
        apellido varchar(255) not null,
        especialidad varchar(255) not null,
        matricula varchar(255) not null,
        nombre varchar(255) not null,
        primary key (id)
    ) engine=InnoDB
Hibernate: 
    create table pacientes (
        id bigint not null auto_increment,
        apellido varchar(255) not null,
        dni varchar(255) not null,
        nombre varchar(255) not null,
        primary key (id)
    ) engine=InnoDB
Hibernate: 
    create table turnos (
        id bigint not null auto_increment,
        altura integer,
        calle varchar(255),
        ciudad varchar(255),
        codigo_postal varchar(255),
        estado varchar(255),
        dia date,
        hora time(0),
        medico_id bigint,
        paciente_id bigint,
        primary key (id)
    ) engine=InnoDB
Hibernate: 
    create table usuarios (
        id bigint not null auto_increment,
        apellido varchar(255) not null,
        email varchar(255) not null,
        nombre varchar(255) not null,
        password varchar(255) not null,
        primary key (id)
    ) engine=InnoDB
Hibernate: 
    alter table medicos 
       drop index UK5qck89igyrplkw537w5v4gv0i
Hibernate: 
    alter table medicos 
       add constraint UK5qck89igyrplkw537w5v4gv0i unique (matricula)
Hibernate: 
    alter table pacientes 
       drop index UKhol387x0ourgruynyqewdhv37
Hibernate: 
    alter table pacientes 
       add constraint UKhol387x0ourgruynyqewdhv37 unique (dni)
Hibernate: 
    alter table usuarios 
       drop index UKkfsp0s1tflm1cwlj8idhqsad0
Hibernate: 
    alter table usuarios 
       add constraint UKkfsp0s1tflm1cwlj8idhqsad0 unique (email)
Hibernate: 
    alter table turnos 
       add constraint FKe8ud0nqk21ofmked2hvgsl3xq 
       foreign key (medico_id) 
       references medicos (id)
Hibernate: 
    alter table turnos 
       add constraint FK4okcqr9iqt2iw6xhy1ppsmo3l 
       foreign key (paciente_id) 
       references pacientes (id)
2026-09-04T21:29:22.970-03:00  INFO 35190 --- [           main] j.LocalContainerEntityManagerFactoryBean : Initialized JPA EntityManagerFactory for persistence unit 'default'
2026-09-04T21:29:23.041-03:00  INFO 35190 --- [           main] o.s.d.j.r.query.QueryEnhancerFactories   : Hibernate is in classpath; If applicable, HQL parser will be used.
2026-09-04T21:29:23.454-03:00  WARN 35190 --- [           main] JpaBaseConfiguration$JpaWebConfiguration : spring.jpa.open-in-view is enabled by default. Therefore, database queries may be performed during view rendering. Explicitly configure spring.jpa.open-in-view to disable this warning
2026-09-04T21:29:23.571-03:00  WARN 35190 --- [           main] .s.a.UserDetailsServiceAutoConfiguration : 

Using generated security password: 464f8b9b-2635-40e6-ac9c-99acd3360a2e

This generated password is for development use only. Your security configuration must be updated before running your application in production.

2026-09-04T21:29:23.577-03:00  INFO 35190 --- [           main] r$InitializeUserDetailsManagerConfigurer : Global AuthenticationManager configured with UserDetailsService bean with name inMemoryUserDetailsManager
2026-09-04T21:29:24.160-03:00  INFO 35190 --- [           main] o.s.b.a.e.web.EndpointLinksResolver      : Exposing 1 endpoint beneath base path '/actuator'
2026-09-04T21:29:24.219-03:00  INFO 35190 --- [           main] c.d.e_commerce.vi.ApplicationTests       : Started ApplicationTests in 4.627 seconds (process running for 5.57)
]]></system-out>
  </testcase>
</testsuite>